<?xml version="1.0" encoding="UTF-8"?>
<!-- Generated by org.testng.reporters.JUnitXMLReporter -->
<testsuite ignored="7" hostname="DESKTOP-A1A23U3" failures="1" tests="10" name="Test" time="649.165" errors="0" timestamp="2022-09-13T12:22:43 IST">
  <testcase classname="com.mystore.TestCase.HomePageTest" name="orderHistoryandDetailsTest" time="41.045"/>
  <testcase classname="com.mystore.TestCase.HomePageTest" name="wishListTest" time="19.603"/>
  <testcase classname="com.mystore.TestCase.EndToEndTest" name="endToEndTest" time="154.511"/>
  <testcase classname="com.mystore.TestCase.AddToCartPageTest" name="addToCartTest" time="43.286"/>
  <testcase classname="com.mystore.TestCase.SearchResultPageTest" name="productAvailabilityTest" time="20.739"/>
  <testcase classname="com.mystore.TestCase.IndexPageTest" name="verifyLogo" time="0.106"/>
  <testcase classname="com.mystore.TestCase.IndexPageTest" name="verifyTitle" time="0.103">
    <failure type="java.lang.AssertionError" message="expected [My Store1] but found [My Store]">
      <![CDATA[java.lang.AssertionError: expected [My Store1] but found [My Store]
at com.mystore.TestCase.IndexPageTest.verifyTitle(IndexPageTest.java:44)
at java.base/java.util.ArrayList.forEach(ArrayList.java:1511)
... Removed 31 stack frames]]>
    </failure>
  </testcase> <!-- verifyTitle -->
  <testcase classname="com.mystore.TestCase.AccountCreationPageTest" name="verifyCreateAccountPageTest" time="41.137"/>
  <testcase classname="com.mystore.TestCase.OrderPageTest" name="verifyTotalPrice" time="74.77"/>
  <testcase classname="com.mystore.TestCase.LoginPageTest" name="loginTest" time="54.3"/>
  <testcase classname="com.mystore.base.BaseClass" name="@BeforeTest loadConfig" time="0.0">
    <ignored/>
  </testcase> <!-- @BeforeTest loadConfig -->
  <testcase classname="com.mystore.base.BaseClass" name="@BeforeTest loadConfig" time="0.0">
    <ignored/>
  </testcase> <!-- @BeforeTest loadConfig -->
  <testcase classname="com.mystore.base.BaseClass" name="@BeforeTest loadConfig" time="0.0">
    <ignored/>
  </testcase> <!-- @BeforeTest loadConfig -->
  <testcase classname="com.mystore.base.BaseClass" name="@BeforeTest loadConfig" time="0.0">
    <ignored/>
  </testcase> <!-- @BeforeTest loadConfig -->
  <testcase classname="com.mystore.base.BaseClass" name="@BeforeTest loadConfig" time="0.0">
    <ignored/>
  </testcase> <!-- @BeforeTest loadConfig -->
  <testcase classname="com.mystore.base.BaseClass" name="@BeforeTest loadConfig" time="0.0">
    <ignored/>
  </testcase> <!-- @BeforeTest loadConfig -->
  <testcase classname="com.mystore.base.BaseClass" name="@BeforeTest loadConfig" time="0.0">
    <ignored/>
  </testcase> <!-- @BeforeTest loadConfig -->
</testsuite> <!-- Test -->
